DEBUG (0.005) SELECT @@SQL_AUTO_IS_NULL; args=None
DEBUG (0.001) SET SESSION TRANSACTION ISOLATION LEVEL READ COMMITTED; args=None
DEBUG (0.022) SELECT DISTINCT `rgt_test`.`application` FROM `rgt_test` ORDER BY `rgt_test`.`application` ASC; args=()
DEBUG (0.027) SHOW FULL TABLES; args=None
DEBUG (0.004) SELECT `django_migrations`.`app`, `django_migrations`.`name` FROM `django_migrations`; args=()
DEBUG (0.008) SELECT @@SQL_AUTO_IS_NULL; args=None
DEBUG (0.001) SET SESSION TRANSACTION ISOLATION LEVEL READ COMMITTED; args=None
DEBUG (0.011) SELECT DISTINCT `rgt_test`.`test_id`, `rgt_test`.`harness_uid`, `rgt_test`.`harness_start`, `rgt_test`.`harness_tld`, `rgt_test`.`application`, `rgt_test`.`testname`, `rgt_test`.`job_id`, `rgt_test`.`lsf_exit_status`, `rgt_test`.`build_status`, `rgt_test`.`submit_status`, `rgt_test`.`check_status`, `rgt_test`.`output_build`, `rgt_test`.`output_submit`, `rgt_test`.`output_check`, `rgt_test`.`output_report`, `rgt_test`.`system`, `rgt_test`.`previous_job_id`, `rgt_test`.`done`, `rgt_test`.`timestamp` FROM `rgt_test` WHERE `rgt_test`.`application` = 'Chroma' ORDER BY `rgt_test`.`application` ASC, `rgt_test`.`testname` ASC, `rgt_test`.`harness_uid` ASC  LIMIT 21; args=('Chroma',)
DEBUG (0.008) SELECT DISTINCT `rgt_test`.`test_id`, `rgt_test`.`harness_uid`, `rgt_test`.`harness_start`, `rgt_test`.`harness_tld`, `rgt_test`.`application`, `rgt_test`.`testname`, `rgt_test`.`job_id`, `rgt_test`.`lsf_exit_status`, `rgt_test`.`build_status`, `rgt_test`.`submit_status`, `rgt_test`.`check_status`, `rgt_test`.`output_build`, `rgt_test`.`output_submit`, `rgt_test`.`output_check`, `rgt_test`.`output_report`, `rgt_test`.`system`, `rgt_test`.`previous_job_id`, `rgt_test`.`done`, `rgt_test`.`timestamp` FROM `rgt_test` WHERE `rgt_test`.`application` = 'Chroma' ORDER BY `rgt_test`.`application` ASC, `rgt_test`.`testname` ASC, `rgt_test`.`harness_uid` ASC  LIMIT 21; args=('Chroma',)
DEBUG (0.011) SELECT DISTINCT `rgt_test`.`test_id`, `rgt_test`.`harness_uid`, `rgt_test`.`harness_start`, `rgt_test`.`harness_tld`, `rgt_test`.`application`, `rgt_test`.`testname`, `rgt_test`.`job_id`, `rgt_test`.`lsf_exit_status`, `rgt_test`.`build_status`, `rgt_test`.`submit_status`, `rgt_test`.`check_status`, `rgt_test`.`output_build`, `rgt_test`.`output_submit`, `rgt_test`.`output_check`, `rgt_test`.`output_report`, `rgt_test`.`system`, `rgt_test`.`previous_job_id`, `rgt_test`.`done`, `rgt_test`.`timestamp` FROM `rgt_test` WHERE `rgt_test`.`application` = 'Chroma' ORDER BY `rgt_test`.`application` ASC, `rgt_test`.`testname` ASC, `rgt_test`.`harness_uid` ASC  LIMIT 21; args=('Chroma',)
DEBUG (0.008) SELECT DISTINCT `rgt_test`.`test_id`, `rgt_test`.`harness_uid`, `rgt_test`.`harness_start`, `rgt_test`.`harness_tld`, `rgt_test`.`application`, `rgt_test`.`testname`, `rgt_test`.`job_id`, `rgt_test`.`lsf_exit_status`, `rgt_test`.`build_status`, `rgt_test`.`submit_status`, `rgt_test`.`check_status`, `rgt_test`.`output_build`, `rgt_test`.`output_submit`, `rgt_test`.`output_check`, `rgt_test`.`output_report`, `rgt_test`.`system`, `rgt_test`.`previous_job_id`, `rgt_test`.`done`, `rgt_test`.`timestamp` FROM `rgt_test` WHERE `rgt_test`.`application` = 'Chroma' ORDER BY `rgt_test`.`application` ASC, `rgt_test`.`testname` ASC, `rgt_test`.`harness_uid` ASC  LIMIT 21; args=('Chroma',)
DEBUG (0.008) SELECT DISTINCT `rgt_test`.`test_id`, `rgt_test`.`harness_uid`, `rgt_test`.`harness_start`, `rgt_test`.`harness_tld`, `rgt_test`.`application`, `rgt_test`.`testname`, `rgt_test`.`job_id`, `rgt_test`.`lsf_exit_status`, `rgt_test`.`build_status`, `rgt_test`.`submit_status`, `rgt_test`.`check_status`, `rgt_test`.`output_build`, `rgt_test`.`output_submit`, `rgt_test`.`output_check`, `rgt_test`.`output_report`, `rgt_test`.`system`, `rgt_test`.`previous_job_id`, `rgt_test`.`done`, `rgt_test`.`timestamp` FROM `rgt_test` WHERE `rgt_test`.`application` = 'Chroma' ORDER BY `rgt_test`.`application` ASC, `rgt_test`.`testname` ASC, `rgt_test`.`harness_uid` ASC  LIMIT 21; args=('Chroma',)
DEBUG (0.008) SELECT DISTINCT `rgt_test`.`test_id`, `rgt_test`.`harness_uid`, `rgt_test`.`harness_start`, `rgt_test`.`harness_tld`, `rgt_test`.`application`, `rgt_test`.`testname`, `rgt_test`.`job_id`, `rgt_test`.`lsf_exit_status`, `rgt_test`.`build_status`, `rgt_test`.`submit_status`, `rgt_test`.`check_status`, `rgt_test`.`output_build`, `rgt_test`.`output_submit`, `rgt_test`.`output_check`, `rgt_test`.`output_report`, `rgt_test`.`system`, `rgt_test`.`previous_job_id`, `rgt_test`.`done`, `rgt_test`.`timestamp` FROM `rgt_test` WHERE `rgt_test`.`application` = 'Chroma' ORDER BY `rgt_test`.`application` ASC, `rgt_test`.`testname` ASC, `rgt_test`.`harness_uid` ASC  LIMIT 21; args=('Chroma',)
DEBUG (0.008) SELECT DISTINCT `rgt_test`.`test_id`, `rgt_test`.`harness_uid`, `rgt_test`.`harness_start`, `rgt_test`.`harness_tld`, `rgt_test`.`application`, `rgt_test`.`testname`, `rgt_test`.`job_id`, `rgt_test`.`lsf_exit_status`, `rgt_test`.`build_status`, `rgt_test`.`submit_status`, `rgt_test`.`check_status`, `rgt_test`.`output_build`, `rgt_test`.`output_submit`, `rgt_test`.`output_check`, `rgt_test`.`output_report`, `rgt_test`.`system`, `rgt_test`.`previous_job_id`, `rgt_test`.`done`, `rgt_test`.`timestamp` FROM `rgt_test` WHERE `rgt_test`.`application` = 'Chroma' ORDER BY `rgt_test`.`application` ASC, `rgt_test`.`testname` ASC, `rgt_test`.`harness_uid` ASC  LIMIT 21; args=('Chroma',)
DEBUG (0.008) SELECT DISTINCT `rgt_test`.`test_id`, `rgt_test`.`harness_uid`, `rgt_test`.`harness_start`, `rgt_test`.`harness_tld`, `rgt_test`.`application`, `rgt_test`.`testname`, `rgt_test`.`job_id`, `rgt_test`.`lsf_exit_status`, `rgt_test`.`build_status`, `rgt_test`.`submit_status`, `rgt_test`.`check_status`, `rgt_test`.`output_build`, `rgt_test`.`output_submit`, `rgt_test`.`output_check`, `rgt_test`.`output_report`, `rgt_test`.`system`, `rgt_test`.`previous_job_id`, `rgt_test`.`done`, `rgt_test`.`timestamp` FROM `rgt_test` WHERE `rgt_test`.`application` = 'Chroma' ORDER BY `rgt_test`.`application` ASC, `rgt_test`.`testname` ASC, `rgt_test`.`harness_uid` ASC  LIMIT 21; args=('Chroma',)
DEBUG (0.007) SELECT DISTINCT `rgt_test`.`test_id`, `rgt_test`.`harness_uid`, `rgt_test`.`harness_start`, `rgt_test`.`harness_tld`, `rgt_test`.`application`, `rgt_test`.`testname`, `rgt_test`.`job_id`, `rgt_test`.`lsf_exit_status`, `rgt_test`.`build_status`, `rgt_test`.`submit_status`, `rgt_test`.`check_status`, `rgt_test`.`output_build`, `rgt_test`.`output_submit`, `rgt_test`.`output_check`, `rgt_test`.`output_report`, `rgt_test`.`system`, `rgt_test`.`previous_job_id`, `rgt_test`.`done`, `rgt_test`.`timestamp` FROM `rgt_test` WHERE `rgt_test`.`application` = 'Chroma' ORDER BY `rgt_test`.`application` ASC, `rgt_test`.`testname` ASC, `rgt_test`.`harness_uid` ASC  LIMIT 21; args=('Chroma',)
DEBUG (0.007) SELECT DISTINCT `rgt_test`.`test_id`, `rgt_test`.`harness_uid`, `rgt_test`.`harness_start`, `rgt_test`.`harness_tld`, `rgt_test`.`application`, `rgt_test`.`testname`, `rgt_test`.`job_id`, `rgt_test`.`lsf_exit_status`, `rgt_test`.`build_status`, `rgt_test`.`submit_status`, `rgt_test`.`check_status`, `rgt_test`.`output_build`, `rgt_test`.`output_submit`, `rgt_test`.`output_check`, `rgt_test`.`output_report`, `rgt_test`.`system`, `rgt_test`.`previous_job_id`, `rgt_test`.`done`, `rgt_test`.`timestamp` FROM `rgt_test` WHERE `rgt_test`.`application` = 'Chroma' ORDER BY `rgt_test`.`application` ASC, `rgt_test`.`testname` ASC, `rgt_test`.`harness_uid` ASC  LIMIT 21; args=('Chroma',)
DEBUG (0.007) SELECT DISTINCT `rgt_test`.`test_id`, `rgt_test`.`harness_uid`, `rgt_test`.`harness_start`, `rgt_test`.`harness_tld`, `rgt_test`.`application`, `rgt_test`.`testname`, `rgt_test`.`job_id`, `rgt_test`.`lsf_exit_status`, `rgt_test`.`build_status`, `rgt_test`.`submit_status`, `rgt_test`.`check_status`, `rgt_test`.`output_build`, `rgt_test`.`output_submit`, `rgt_test`.`output_check`, `rgt_test`.`output_report`, `rgt_test`.`system`, `rgt_test`.`previous_job_id`, `rgt_test`.`done`, `rgt_test`.`timestamp` FROM `rgt_test` WHERE `rgt_test`.`application` = 'Chroma' ORDER BY `rgt_test`.`application` ASC, `rgt_test`.`testname` ASC, `rgt_test`.`harness_uid` ASC  LIMIT 21; args=('Chroma',)
DEBUG (0.007) SELECT DISTINCT `rgt_test`.`test_id`, `rgt_test`.`harness_uid`, `rgt_test`.`harness_start`, `rgt_test`.`harness_tld`, `rgt_test`.`application`, `rgt_test`.`testname`, `rgt_test`.`job_id`, `rgt_test`.`lsf_exit_status`, `rgt_test`.`build_status`, `rgt_test`.`submit_status`, `rgt_test`.`check_status`, `rgt_test`.`output_build`, `rgt_test`.`output_submit`, `rgt_test`.`output_check`, `rgt_test`.`output_report`, `rgt_test`.`system`, `rgt_test`.`previous_job_id`, `rgt_test`.`done`, `rgt_test`.`timestamp` FROM `rgt_test` WHERE `rgt_test`.`application` = 'Chroma' ORDER BY `rgt_test`.`application` ASC, `rgt_test`.`testname` ASC, `rgt_test`.`harness_uid` ASC  LIMIT 21; args=('Chroma',)
DEBUG (0.007) SELECT DISTINCT `rgt_test`.`test_id`, `rgt_test`.`harness_uid`, `rgt_test`.`harness_start`, `rgt_test`.`harness_tld`, `rgt_test`.`application`, `rgt_test`.`testname`, `rgt_test`.`job_id`, `rgt_test`.`lsf_exit_status`, `rgt_test`.`build_status`, `rgt_test`.`submit_status`, `rgt_test`.`check_status`, `rgt_test`.`output_build`, `rgt_test`.`output_submit`, `rgt_test`.`output_check`, `rgt_test`.`output_report`, `rgt_test`.`system`, `rgt_test`.`previous_job_id`, `rgt_test`.`done`, `rgt_test`.`timestamp` FROM `rgt_test` WHERE `rgt_test`.`application` = 'Chroma' ORDER BY `rgt_test`.`application` ASC, `rgt_test`.`testname` ASC, `rgt_test`.`harness_uid` ASC  LIMIT 21; args=('Chroma',)
DEBUG (0.007) SELECT DISTINCT `rgt_test`.`test_id`, `rgt_test`.`harness_uid`, `rgt_test`.`harness_start`, `rgt_test`.`harness_tld`, `rgt_test`.`application`, `rgt_test`.`testname`, `rgt_test`.`job_id`, `rgt_test`.`lsf_exit_status`, `rgt_test`.`build_status`, `rgt_test`.`submit_status`, `rgt_test`.`check_status`, `rgt_test`.`output_build`, `rgt_test`.`output_submit`, `rgt_test`.`output_check`, `rgt_test`.`output_report`, `rgt_test`.`system`, `rgt_test`.`previous_job_id`, `rgt_test`.`done`, `rgt_test`.`timestamp` FROM `rgt_test` WHERE `rgt_test`.`application` = 'Chroma' ORDER BY `rgt_test`.`application` ASC, `rgt_test`.`testname` ASC, `rgt_test`.`harness_uid` ASC  LIMIT 21; args=('Chroma',)
DEBUG (0.007) SELECT DISTINCT `rgt_test`.`test_id`, `rgt_test`.`harness_uid`, `rgt_test`.`harness_start`, `rgt_test`.`harness_tld`, `rgt_test`.`application`, `rgt_test`.`testname`, `rgt_test`.`job_id`, `rgt_test`.`lsf_exit_status`, `rgt_test`.`build_status`, `rgt_test`.`submit_status`, `rgt_test`.`check_status`, `rgt_test`.`output_build`, `rgt_test`.`output_submit`, `rgt_test`.`output_check`, `rgt_test`.`output_report`, `rgt_test`.`system`, `rgt_test`.`previous_job_id`, `rgt_test`.`done`, `rgt_test`.`timestamp` FROM `rgt_test` WHERE `rgt_test`.`application` = 'Chroma' ORDER BY `rgt_test`.`application` ASC, `rgt_test`.`testname` ASC, `rgt_test`.`harness_uid` ASC  LIMIT 21; args=('Chroma',)
DEBUG (0.007) SELECT DISTINCT `rgt_test`.`test_id`, `rgt_test`.`harness_uid`, `rgt_test`.`harness_start`, `rgt_test`.`harness_tld`, `rgt_test`.`application`, `rgt_test`.`testname`, `rgt_test`.`job_id`, `rgt_test`.`lsf_exit_status`, `rgt_test`.`build_status`, `rgt_test`.`submit_status`, `rgt_test`.`check_status`, `rgt_test`.`output_build`, `rgt_test`.`output_submit`, `rgt_test`.`output_check`, `rgt_test`.`output_report`, `rgt_test`.`system`, `rgt_test`.`previous_job_id`, `rgt_test`.`done`, `rgt_test`.`timestamp` FROM `rgt_test` WHERE `rgt_test`.`application` = 'Chroma' ORDER BY `rgt_test`.`application` ASC, `rgt_test`.`testname` ASC, `rgt_test`.`harness_uid` ASC  LIMIT 21; args=('Chroma',)
DEBUG (0.008) SELECT DISTINCT `rgt_test`.`test_id`, `rgt_test`.`harness_uid`, `rgt_test`.`harness_start`, `rgt_test`.`harness_tld`, `rgt_test`.`application`, `rgt_test`.`testname`, `rgt_test`.`job_id`, `rgt_test`.`lsf_exit_status`, `rgt_test`.`build_status`, `rgt_test`.`submit_status`, `rgt_test`.`check_status`, `rgt_test`.`output_build`, `rgt_test`.`output_submit`, `rgt_test`.`output_check`, `rgt_test`.`output_report`, `rgt_test`.`system`, `rgt_test`.`previous_job_id`, `rgt_test`.`done`, `rgt_test`.`timestamp` FROM `rgt_test` WHERE `rgt_test`.`application` = 'Chroma' ORDER BY `rgt_test`.`application` ASC, `rgt_test`.`testname` ASC, `rgt_test`.`harness_uid` ASC  LIMIT 21; args=('Chroma',)
DEBUG (0.008) SELECT DISTINCT `rgt_test`.`test_id`, `rgt_test`.`harness_uid`, `rgt_test`.`harness_start`, `rgt_test`.`harness_tld`, `rgt_test`.`application`, `rgt_test`.`testname`, `rgt_test`.`job_id`, `rgt_test`.`lsf_exit_status`, `rgt_test`.`build_status`, `rgt_test`.`submit_status`, `rgt_test`.`check_status`, `rgt_test`.`output_build`, `rgt_test`.`output_submit`, `rgt_test`.`output_check`, `rgt_test`.`output_report`, `rgt_test`.`system`, `rgt_test`.`previous_job_id`, `rgt_test`.`done`, `rgt_test`.`timestamp` FROM `rgt_test` WHERE `rgt_test`.`application` = 'Chroma' ORDER BY `rgt_test`.`application` ASC, `rgt_test`.`testname` ASC, `rgt_test`.`harness_uid` ASC  LIMIT 21; args=('Chroma',)
DEBUG (0.008) SELECT DISTINCT `rgt_test`.`test_id`, `rgt_test`.`harness_uid`, `rgt_test`.`harness_start`, `rgt_test`.`harness_tld`, `rgt_test`.`application`, `rgt_test`.`testname`, `rgt_test`.`job_id`, `rgt_test`.`lsf_exit_status`, `rgt_test`.`build_status`, `rgt_test`.`submit_status`, `rgt_test`.`check_status`, `rgt_test`.`output_build`, `rgt_test`.`output_submit`, `rgt_test`.`output_check`, `rgt_test`.`output_report`, `rgt_test`.`system`, `rgt_test`.`previous_job_id`, `rgt_test`.`done`, `rgt_test`.`timestamp` FROM `rgt_test` WHERE `rgt_test`.`application` = 'Chroma' ORDER BY `rgt_test`.`application` ASC, `rgt_test`.`testname` ASC, `rgt_test`.`harness_uid` ASC  LIMIT 21; args=('Chroma',)
DEBUG (0.008) SELECT DISTINCT `rgt_test`.`test_id`, `rgt_test`.`harness_uid`, `rgt_test`.`harness_start`, `rgt_test`.`harness_tld`, `rgt_test`.`application`, `rgt_test`.`testname`, `rgt_test`.`job_id`, `rgt_test`.`lsf_exit_status`, `rgt_test`.`build_status`, `rgt_test`.`submit_status`, `rgt_test`.`check_status`, `rgt_test`.`output_build`, `rgt_test`.`output_submit`, `rgt_test`.`output_check`, `rgt_test`.`output_report`, `rgt_test`.`system`, `rgt_test`.`previous_job_id`, `rgt_test`.`done`, `rgt_test`.`timestamp` FROM `rgt_test` WHERE `rgt_test`.`application` = 'Chroma' ORDER BY `rgt_test`.`application` ASC, `rgt_test`.`testname` ASC, `rgt_test`.`harness_uid` ASC  LIMIT 21; args=('Chroma',)
DEBUG (0.009) SELECT DISTINCT `rgt_test`.`test_id`, `rgt_test`.`harness_uid`, `rgt_test`.`harness_start`, `rgt_test`.`harness_tld`, `rgt_test`.`application`, `rgt_test`.`testname`, `rgt_test`.`job_id`, `rgt_test`.`lsf_exit_status`, `rgt_test`.`build_status`, `rgt_test`.`submit_status`, `rgt_test`.`check_status`, `rgt_test`.`output_build`, `rgt_test`.`output_submit`, `rgt_test`.`output_check`, `rgt_test`.`output_report`, `rgt_test`.`system`, `rgt_test`.`previous_job_id`, `rgt_test`.`done`, `rgt_test`.`timestamp` FROM `rgt_test` WHERE `rgt_test`.`application` = 'Chroma' ORDER BY `rgt_test`.`application` ASC, `rgt_test`.`testname` ASC, `rgt_test`.`harness_uid` ASC  LIMIT 21; args=('Chroma',)
DEBUG (0.009) SELECT DISTINCT `rgt_test`.`test_id`, `rgt_test`.`harness_uid`, `rgt_test`.`harness_start`, `rgt_test`.`harness_tld`, `rgt_test`.`application`, `rgt_test`.`testname`, `rgt_test`.`job_id`, `rgt_test`.`lsf_exit_status`, `rgt_test`.`build_status`, `rgt_test`.`submit_status`, `rgt_test`.`check_status`, `rgt_test`.`output_build`, `rgt_test`.`output_submit`, `rgt_test`.`output_check`, `rgt_test`.`output_report`, `rgt_test`.`system`, `rgt_test`.`previous_job_id`, `rgt_test`.`done`, `rgt_test`.`timestamp` FROM `rgt_test` WHERE `rgt_test`.`application` = 'Chroma' ORDER BY `rgt_test`.`application` ASC, `rgt_test`.`testname` ASC, `rgt_test`.`harness_uid` ASC  LIMIT 21; args=('Chroma',)
DEBUG (0.009) SELECT DISTINCT `rgt_test`.`test_id`, `rgt_test`.`harness_uid`, `rgt_test`.`harness_start`, `rgt_test`.`harness_tld`, `rgt_test`.`application`, `rgt_test`.`testname`, `rgt_test`.`job_id`, `rgt_test`.`lsf_exit_status`, `rgt_test`.`build_status`, `rgt_test`.`submit_status`, `rgt_test`.`check_status`, `rgt_test`.`output_build`, `rgt_test`.`output_submit`, `rgt_test`.`output_check`, `rgt_test`.`output_report`, `rgt_test`.`system`, `rgt_test`.`previous_job_id`, `rgt_test`.`done`, `rgt_test`.`timestamp` FROM `rgt_test` WHERE `rgt_test`.`application` = 'Chroma' ORDER BY `rgt_test`.`application` ASC, `rgt_test`.`testname` ASC, `rgt_test`.`harness_uid` ASC  LIMIT 21; args=('Chroma',)
DEBUG (0.009) SELECT DISTINCT `rgt_test`.`test_id`, `rgt_test`.`harness_uid`, `rgt_test`.`harness_start`, `rgt_test`.`harness_tld`, `rgt_test`.`application`, `rgt_test`.`testname`, `rgt_test`.`job_id`, `rgt_test`.`lsf_exit_status`, `rgt_test`.`build_status`, `rgt_test`.`submit_status`, `rgt_test`.`check_status`, `rgt_test`.`output_build`, `rgt_test`.`output_submit`, `rgt_test`.`output_check`, `rgt_test`.`output_report`, `rgt_test`.`system`, `rgt_test`.`previous_job_id`, `rgt_test`.`done`, `rgt_test`.`timestamp` FROM `rgt_test` WHERE `rgt_test`.`application` = 'Chroma' ORDER BY `rgt_test`.`application` ASC, `rgt_test`.`testname` ASC, `rgt_test`.`harness_uid` ASC  LIMIT 21; args=('Chroma',)
DEBUG (0.009) SELECT DISTINCT `rgt_test`.`test_id`, `rgt_test`.`harness_uid`, `rgt_test`.`harness_start`, `rgt_test`.`harness_tld`, `rgt_test`.`application`, `rgt_test`.`testname`, `rgt_test`.`job_id`, `rgt_test`.`lsf_exit_status`, `rgt_test`.`build_status`, `rgt_test`.`submit_status`, `rgt_test`.`check_status`, `rgt_test`.`output_build`, `rgt_test`.`output_submit`, `rgt_test`.`output_check`, `rgt_test`.`output_report`, `rgt_test`.`system`, `rgt_test`.`previous_job_id`, `rgt_test`.`done`, `rgt_test`.`timestamp` FROM `rgt_test` WHERE `rgt_test`.`application` = 'Chroma' ORDER BY `rgt_test`.`application` ASC, `rgt_test`.`testname` ASC, `rgt_test`.`harness_uid` ASC  LIMIT 21; args=('Chroma',)
DEBUG (0.009) SELECT DISTINCT `rgt_test`.`test_id`, `rgt_test`.`harness_uid`, `rgt_test`.`harness_start`, `rgt_test`.`harness_tld`, `rgt_test`.`application`, `rgt_test`.`testname`, `rgt_test`.`job_id`, `rgt_test`.`lsf_exit_status`, `rgt_test`.`build_status`, `rgt_test`.`submit_status`, `rgt_test`.`check_status`, `rgt_test`.`output_build`, `rgt_test`.`output_submit`, `rgt_test`.`output_check`, `rgt_test`.`output_report`, `rgt_test`.`system`, `rgt_test`.`previous_job_id`, `rgt_test`.`done`, `rgt_test`.`timestamp` FROM `rgt_test` WHERE `rgt_test`.`application` = 'Chroma' ORDER BY `rgt_test`.`application` ASC, `rgt_test`.`testname` ASC, `rgt_test`.`harness_uid` ASC  LIMIT 21; args=('Chroma',)
DEBUG (0.009) SELECT DISTINCT `rgt_test`.`test_id`, `rgt_test`.`harness_uid`, `rgt_test`.`harness_start`, `rgt_test`.`harness_tld`, `rgt_test`.`application`, `rgt_test`.`testname`, `rgt_test`.`job_id`, `rgt_test`.`lsf_exit_status`, `rgt_test`.`build_status`, `rgt_test`.`submit_status`, `rgt_test`.`check_status`, `rgt_test`.`output_build`, `rgt_test`.`output_submit`, `rgt_test`.`output_check`, `rgt_test`.`output_report`, `rgt_test`.`system`, `rgt_test`.`previous_job_id`, `rgt_test`.`done`, `rgt_test`.`timestamp` FROM `rgt_test` WHERE `rgt_test`.`application` = 'Chroma' ORDER BY `rgt_test`.`application` ASC, `rgt_test`.`testname` ASC, `rgt_test`.`harness_uid` ASC  LIMIT 21; args=('Chroma',)
DEBUG (0.009) SELECT DISTINCT `rgt_test`.`test_id`, `rgt_test`.`harness_uid`, `rgt_test`.`harness_start`, `rgt_test`.`harness_tld`, `rgt_test`.`application`, `rgt_test`.`testname`, `rgt_test`.`job_id`, `rgt_test`.`lsf_exit_status`, `rgt_test`.`build_status`, `rgt_test`.`submit_status`, `rgt_test`.`check_status`, `rgt_test`.`output_build`, `rgt_test`.`output_submit`, `rgt_test`.`output_check`, `rgt_test`.`output_report`, `rgt_test`.`system`, `rgt_test`.`previous_job_id`, `rgt_test`.`done`, `rgt_test`.`timestamp` FROM `rgt_test` WHERE `rgt_test`.`application` = 'Chroma' ORDER BY `rgt_test`.`application` ASC, `rgt_test`.`testname` ASC, `rgt_test`.`harness_uid` ASC  LIMIT 21; args=('Chroma',)
DEBUG (0.010) SELECT DISTINCT `rgt_test`.`test_id`, `rgt_test`.`harness_uid`, `rgt_test`.`harness_start`, `rgt_test`.`harness_tld`, `rgt_test`.`application`, `rgt_test`.`testname`, `rgt_test`.`job_id`, `rgt_test`.`lsf_exit_status`, `rgt_test`.`build_status`, `rgt_test`.`submit_status`, `rgt_test`.`check_status`, `rgt_test`.`output_build`, `rgt_test`.`output_submit`, `rgt_test`.`output_check`, `rgt_test`.`output_report`, `rgt_test`.`system`, `rgt_test`.`previous_job_id`, `rgt_test`.`done`, `rgt_test`.`timestamp` FROM `rgt_test` WHERE `rgt_test`.`application` = 'Chroma' ORDER BY `rgt_test`.`application` ASC, `rgt_test`.`testname` ASC, `rgt_test`.`harness_uid` ASC  LIMIT 21; args=('Chroma',)
DEBUG (0.008) SELECT DISTINCT `rgt_test`.`test_id`, `rgt_test`.`harness_uid`, `rgt_test`.`harness_start`, `rgt_test`.`harness_tld`, `rgt_test`.`application`, `rgt_test`.`testname`, `rgt_test`.`job_id`, `rgt_test`.`lsf_exit_status`, `rgt_test`.`build_status`, `rgt_test`.`submit_status`, `rgt_test`.`check_status`, `rgt_test`.`output_build`, `rgt_test`.`output_submit`, `rgt_test`.`output_check`, `rgt_test`.`output_report`, `rgt_test`.`system`, `rgt_test`.`previous_job_id`, `rgt_test`.`done`, `rgt_test`.`timestamp` FROM `rgt_test` WHERE `rgt_test`.`application` = 'Chroma' ORDER BY `rgt_test`.`application` ASC, `rgt_test`.`testname` ASC, `rgt_test`.`harness_uid` ASC  LIMIT 21; args=('Chroma',)
DEBUG (0.009) SELECT DISTINCT `rgt_test`.`test_id`, `rgt_test`.`harness_uid`, `rgt_test`.`harness_start`, `rgt_test`.`harness_tld`, `rgt_test`.`application`, `rgt_test`.`testname`, `rgt_test`.`job_id`, `rgt_test`.`lsf_exit_status`, `rgt_test`.`build_status`, `rgt_test`.`submit_status`, `rgt_test`.`check_status`, `rgt_test`.`output_build`, `rgt_test`.`output_submit`, `rgt_test`.`output_check`, `rgt_test`.`output_report`, `rgt_test`.`system`, `rgt_test`.`previous_job_id`, `rgt_test`.`done`, `rgt_test`.`timestamp` FROM `rgt_test` WHERE `rgt_test`.`application` = 'Chroma' ORDER BY `rgt_test`.`application` ASC, `rgt_test`.`testname` ASC, `rgt_test`.`harness_uid` ASC  LIMIT 21; args=('Chroma',)
DEBUG (0.009) SELECT DISTINCT `rgt_test`.`test_id`, `rgt_test`.`harness_uid`, `rgt_test`.`harness_start`, `rgt_test`.`harness_tld`, `rgt_test`.`application`, `rgt_test`.`testname`, `rgt_test`.`job_id`, `rgt_test`.`lsf_exit_status`, `rgt_test`.`build_status`, `rgt_test`.`submit_status`, `rgt_test`.`check_status`, `rgt_test`.`output_build`, `rgt_test`.`output_submit`, `rgt_test`.`output_check`, `rgt_test`.`output_report`, `rgt_test`.`system`, `rgt_test`.`previous_job_id`, `rgt_test`.`done`, `rgt_test`.`timestamp` FROM `rgt_test` WHERE `rgt_test`.`application` = 'Chroma' ORDER BY `rgt_test`.`application` ASC, `rgt_test`.`testname` ASC, `rgt_test`.`harness_uid` ASC  LIMIT 21; args=('Chroma',)
DEBUG (0.008) SELECT DISTINCT `rgt_test`.`test_id`, `rgt_test`.`harness_uid`, `rgt_test`.`harness_start`, `rgt_test`.`harness_tld`, `rgt_test`.`application`, `rgt_test`.`testname`, `rgt_test`.`job_id`, `rgt_test`.`lsf_exit_status`, `rgt_test`.`build_status`, `rgt_test`.`submit_status`, `rgt_test`.`check_status`, `rgt_test`.`output_build`, `rgt_test`.`output_submit`, `rgt_test`.`output_check`, `rgt_test`.`output_report`, `rgt_test`.`system`, `rgt_test`.`previous_job_id`, `rgt_test`.`done`, `rgt_test`.`timestamp` FROM `rgt_test` WHERE `rgt_test`.`application` = 'Chroma' ORDER BY `rgt_test`.`application` ASC, `rgt_test`.`testname` ASC, `rgt_test`.`harness_uid` ASC  LIMIT 21; args=('Chroma',)
DEBUG (0.009) SELECT DISTINCT `rgt_test`.`test_id`, `rgt_test`.`harness_uid`, `rgt_test`.`harness_start`, `rgt_test`.`harness_tld`, `rgt_test`.`application`, `rgt_test`.`testname`, `rgt_test`.`job_id`, `rgt_test`.`lsf_exit_status`, `rgt_test`.`build_status`, `rgt_test`.`submit_status`, `rgt_test`.`check_status`, `rgt_test`.`output_build`, `rgt_test`.`output_submit`, `rgt_test`.`output_check`, `rgt_test`.`output_report`, `rgt_test`.`system`, `rgt_test`.`previous_job_id`, `rgt_test`.`done`, `rgt_test`.`timestamp` FROM `rgt_test` WHERE `rgt_test`.`application` = 'Chroma' ORDER BY `rgt_test`.`application` ASC, `rgt_test`.`testname` ASC, `rgt_test`.`harness_uid` ASC  LIMIT 21; args=('Chroma',)
DEBUG (0.008) SELECT DISTINCT `rgt_test`.`test_id`, `rgt_test`.`harness_uid`, `rgt_test`.`harness_start`, `rgt_test`.`harness_tld`, `rgt_test`.`application`, `rgt_test`.`testname`, `rgt_test`.`job_id`, `rgt_test`.`lsf_exit_status`, `rgt_test`.`build_status`, `rgt_test`.`submit_status`, `rgt_test`.`check_status`, `rgt_test`.`output_build`, `rgt_test`.`output_submit`, `rgt_test`.`output_check`, `rgt_test`.`output_report`, `rgt_test`.`system`, `rgt_test`.`previous_job_id`, `rgt_test`.`done`, `rgt_test`.`timestamp` FROM `rgt_test` WHERE `rgt_test`.`application` = 'Chroma' ORDER BY `rgt_test`.`application` ASC, `rgt_test`.`testname` ASC, `rgt_test`.`harness_uid` ASC  LIMIT 21; args=('Chroma',)
DEBUG (0.009) SELECT DISTINCT `rgt_test`.`test_id`, `rgt_test`.`harness_uid`, `rgt_test`.`harness_start`, `rgt_test`.`harness_tld`, `rgt_test`.`application`, `rgt_test`.`testname`, `rgt_test`.`job_id`, `rgt_test`.`lsf_exit_status`, `rgt_test`.`build_status`, `rgt_test`.`submit_status`, `rgt_test`.`check_status`, `rgt_test`.`output_build`, `rgt_test`.`output_submit`, `rgt_test`.`output_check`, `rgt_test`.`output_report`, `rgt_test`.`system`, `rgt_test`.`previous_job_id`, `rgt_test`.`done`, `rgt_test`.`timestamp` FROM `rgt_test` WHERE `rgt_test`.`application` = 'Chroma' ORDER BY `rgt_test`.`application` ASC, `rgt_test`.`testname` ASC, `rgt_test`.`harness_uid` ASC  LIMIT 21; args=('Chroma',)
DEBUG (0.009) SELECT DISTINCT `rgt_test`.`test_id`, `rgt_test`.`harness_uid`, `rgt_test`.`harness_start`, `rgt_test`.`harness_tld`, `rgt_test`.`application`, `rgt_test`.`testname`, `rgt_test`.`job_id`, `rgt_test`.`lsf_exit_status`, `rgt_test`.`build_status`, `rgt_test`.`submit_status`, `rgt_test`.`check_status`, `rgt_test`.`output_build`, `rgt_test`.`output_submit`, `rgt_test`.`output_check`, `rgt_test`.`output_report`, `rgt_test`.`system`, `rgt_test`.`previous_job_id`, `rgt_test`.`done`, `rgt_test`.`timestamp` FROM `rgt_test` WHERE `rgt_test`.`application` = 'Chroma' ORDER BY `rgt_test`.`application` ASC, `rgt_test`.`testname` ASC, `rgt_test`.`harness_uid` ASC  LIMIT 21; args=('Chroma',)
DEBUG (0.009) SELECT DISTINCT `rgt_test`.`test_id`, `rgt_test`.`harness_uid`, `rgt_test`.`harness_start`, `rgt_test`.`harness_tld`, `rgt_test`.`application`, `rgt_test`.`testname`, `rgt_test`.`job_id`, `rgt_test`.`lsf_exit_status`, `rgt_test`.`build_status`, `rgt_test`.`submit_status`, `rgt_test`.`check_status`, `rgt_test`.`output_build`, `rgt_test`.`output_submit`, `rgt_test`.`output_check`, `rgt_test`.`output_report`, `rgt_test`.`system`, `rgt_test`.`previous_job_id`, `rgt_test`.`done`, `rgt_test`.`timestamp` FROM `rgt_test` WHERE `rgt_test`.`application` = 'Chroma' ORDER BY `rgt_test`.`application` ASC, `rgt_test`.`testname` ASC, `rgt_test`.`harness_uid` ASC  LIMIT 21; args=('Chroma',)
DEBUG (0.008) SELECT DISTINCT `rgt_test`.`test_id`, `rgt_test`.`harness_uid`, `rgt_test`.`harness_start`, `rgt_test`.`harness_tld`, `rgt_test`.`application`, `rgt_test`.`testname`, `rgt_test`.`job_id`, `rgt_test`.`lsf_exit_status`, `rgt_test`.`build_status`, `rgt_test`.`submit_status`, `rgt_test`.`check_status`, `rgt_test`.`output_build`, `rgt_test`.`output_submit`, `rgt_test`.`output_check`, `rgt_test`.`output_report`, `rgt_test`.`system`, `rgt_test`.`previous_job_id`, `rgt_test`.`done`, `rgt_test`.`timestamp` FROM `rgt_test` WHERE `rgt_test`.`application` = 'Chroma' ORDER BY `rgt_test`.`application` ASC, `rgt_test`.`testname` ASC, `rgt_test`.`harness_uid` ASC  LIMIT 21; args=('Chroma',)
DEBUG (0.011) SELECT DISTINCT `rgt_test`.`test_id`, `rgt_test`.`harness_uid`, `rgt_test`.`harness_start`, `rgt_test`.`harness_tld`, `rgt_test`.`application`, `rgt_test`.`testname`, `rgt_test`.`job_id`, `rgt_test`.`lsf_exit_status`, `rgt_test`.`build_status`, `rgt_test`.`submit_status`, `rgt_test`.`check_status`, `rgt_test`.`output_build`, `rgt_test`.`output_submit`, `rgt_test`.`output_check`, `rgt_test`.`output_report`, `rgt_test`.`system`, `rgt_test`.`previous_job_id`, `rgt_test`.`done`, `rgt_test`.`timestamp` FROM `rgt_test` WHERE `rgt_test`.`application` = 'Chroma' ORDER BY `rgt_test`.`application` ASC, `rgt_test`.`testname` ASC, `rgt_test`.`harness_uid` ASC  LIMIT 21; args=('Chroma',)
DEBUG (0.009) SELECT DISTINCT `rgt_test`.`test_id`, `rgt_test`.`harness_uid`, `rgt_test`.`harness_start`, `rgt_test`.`harness_tld`, `rgt_test`.`application`, `rgt_test`.`testname`, `rgt_test`.`job_id`, `rgt_test`.`lsf_exit_status`, `rgt_test`.`build_status`, `rgt_test`.`submit_status`, `rgt_test`.`check_status`, `rgt_test`.`output_build`, `rgt_test`.`output_submit`, `rgt_test`.`output_check`, `rgt_test`.`output_report`, `rgt_test`.`system`, `rgt_test`.`previous_job_id`, `rgt_test`.`done`, `rgt_test`.`timestamp` FROM `rgt_test` WHERE `rgt_test`.`application` = 'Chroma' ORDER BY `rgt_test`.`application` ASC, `rgt_test`.`testname` ASC, `rgt_test`.`harness_uid` ASC  LIMIT 21; args=('Chroma',)
DEBUG (0.008) SELECT DISTINCT `rgt_test`.`test_id`, `rgt_test`.`harness_uid`, `rgt_test`.`harness_start`, `rgt_test`.`harness_tld`, `rgt_test`.`application`, `rgt_test`.`testname`, `rgt_test`.`job_id`, `rgt_test`.`lsf_exit_status`, `rgt_test`.`build_status`, `rgt_test`.`submit_status`, `rgt_test`.`check_status`, `rgt_test`.`output_build`, `rgt_test`.`output_submit`, `rgt_test`.`output_check`, `rgt_test`.`output_report`, `rgt_test`.`system`, `rgt_test`.`previous_job_id`, `rgt_test`.`done`, `rgt_test`.`timestamp` FROM `rgt_test` WHERE `rgt_test`.`application` = 'Chroma' ORDER BY `rgt_test`.`application` ASC, `rgt_test`.`testname` ASC, `rgt_test`.`harness_uid` ASC  LIMIT 21; args=('Chroma',)
DEBUG (0.010) SELECT DISTINCT `rgt_test`.`test_id`, `rgt_test`.`harness_uid`, `rgt_test`.`harness_start`, `rgt_test`.`harness_tld`, `rgt_test`.`application`, `rgt_test`.`testname`, `rgt_test`.`job_id`, `rgt_test`.`lsf_exit_status`, `rgt_test`.`build_status`, `rgt_test`.`submit_status`, `rgt_test`.`check_status`, `rgt_test`.`output_build`, `rgt_test`.`output_submit`, `rgt_test`.`output_check`, `rgt_test`.`output_report`, `rgt_test`.`system`, `rgt_test`.`previous_job_id`, `rgt_test`.`done`, `rgt_test`.`timestamp` FROM `rgt_test` WHERE `rgt_test`.`application` = 'Chroma' ORDER BY `rgt_test`.`application` ASC, `rgt_test`.`testname` ASC, `rgt_test`.`harness_uid` ASC  LIMIT 21; args=('Chroma',)
DEBUG (0.011) SELECT DISTINCT `rgt_test`.`test_id`, `rgt_test`.`harness_uid`, `rgt_test`.`harness_start`, `rgt_test`.`harness_tld`, `rgt_test`.`application`, `rgt_test`.`testname`, `rgt_test`.`job_id`, `rgt_test`.`lsf_exit_status`, `rgt_test`.`build_status`, `rgt_test`.`submit_status`, `rgt_test`.`check_status`, `rgt_test`.`output_build`, `rgt_test`.`output_submit`, `rgt_test`.`output_check`, `rgt_test`.`output_report`, `rgt_test`.`system`, `rgt_test`.`previous_job_id`, `rgt_test`.`done`, `rgt_test`.`timestamp` FROM `rgt_test` WHERE `rgt_test`.`application` = 'Chroma' ORDER BY `rgt_test`.`application` ASC, `rgt_test`.`testname` ASC, `rgt_test`.`harness_uid` ASC  LIMIT 21; args=('Chroma',)
DEBUG (0.009) SELECT DISTINCT `rgt_test`.`test_id`, `rgt_test`.`harness_uid`, `rgt_test`.`harness_start`, `rgt_test`.`harness_tld`, `rgt_test`.`application`, `rgt_test`.`testname`, `rgt_test`.`job_id`, `rgt_test`.`lsf_exit_status`, `rgt_test`.`build_status`, `rgt_test`.`submit_status`, `rgt_test`.`check_status`, `rgt_test`.`output_build`, `rgt_test`.`output_submit`, `rgt_test`.`output_check`, `rgt_test`.`output_report`, `rgt_test`.`system`, `rgt_test`.`previous_job_id`, `rgt_test`.`done`, `rgt_test`.`timestamp` FROM `rgt_test` WHERE `rgt_test`.`application` = 'Chroma' ORDER BY `rgt_test`.`application` ASC, `rgt_test`.`testname` ASC, `rgt_test`.`harness_uid` ASC  LIMIT 21; args=('Chroma',)
DEBUG (0.010) SELECT DISTINCT `rgt_test`.`test_id`, `rgt_test`.`harness_uid`, `rgt_test`.`harness_start`, `rgt_test`.`harness_tld`, `rgt_test`.`application`, `rgt_test`.`testname`, `rgt_test`.`job_id`, `rgt_test`.`lsf_exit_status`, `rgt_test`.`build_status`, `rgt_test`.`submit_status`, `rgt_test`.`check_status`, `rgt_test`.`output_build`, `rgt_test`.`output_submit`, `rgt_test`.`output_check`, `rgt_test`.`output_report`, `rgt_test`.`system`, `rgt_test`.`previous_job_id`, `rgt_test`.`done`, `rgt_test`.`timestamp` FROM `rgt_test` WHERE `rgt_test`.`application` = 'Chroma' ORDER BY `rgt_test`.`application` ASC, `rgt_test`.`testname` ASC, `rgt_test`.`harness_uid` ASC  LIMIT 21; args=('Chroma',)
DEBUG (0.003) SELECT `django_session`.`session_key`, `django_session`.`session_data`, `django_session`.`expire_date` FROM `django_session` WHERE (`django_session`.`expire_date` > '2018-11-21 17:43:31.578931' AND `django_session`.`session_key` = 'u6n6vsy2rsi70euvw2yuf7wt59sc2xv3'); args=('2018-11-21 17:43:31.578931', 'u6n6vsy2rsi70euvw2yuf7wt59sc2xv3')
DEBUG (0.006) SELECT `auth_user`.`id`, `auth_user`.`password`, `auth_user`.`last_login`, `auth_user`.`is_superuser`, `auth_user`.`username`, `auth_user`.`first_name`, `auth_user`.`last_name`, `auth_user`.`email`, `auth_user`.`is_staff`, `auth_user`.`is_active`, `auth_user`.`date_joined` FROM `auth_user` WHERE `auth_user`.`id` = 1; args=(1,)
ERROR Internal Server Error: /rgt/tests/
Traceback (most recent call last):
  File "/Users/cameronkuchta/miniconda3/envs/olcf/lib/python3.6/site-packages/django/core/handlers/exception.py", line 34, in inner
    response = get_response(request)
  File "/Users/cameronkuchta/miniconda3/envs/olcf/lib/python3.6/site-packages/django/core/handlers/base.py", line 156, in _get_response
    response = self.process_exception_by_middleware(e, request)
  File "/Users/cameronkuchta/miniconda3/envs/olcf/lib/python3.6/site-packages/django/core/handlers/base.py", line 154, in _get_response
    response = response.render()
  File "/Users/cameronkuchta/miniconda3/envs/olcf/lib/python3.6/site-packages/django/template/response.py", line 106, in render
    self.content = self.rendered_content
  File "/Users/cameronkuchta/miniconda3/envs/olcf/lib/python3.6/site-packages/django/template/response.py", line 83, in rendered_content
    content = template.render(context, self._request)
  File "/Users/cameronkuchta/miniconda3/envs/olcf/lib/python3.6/site-packages/django/template/backends/django.py", line 61, in render
    return self.template.render(context)
  File "/Users/cameronkuchta/miniconda3/envs/olcf/lib/python3.6/site-packages/django/template/base.py", line 171, in render
    return self._render(context)
  File "/Users/cameronkuchta/miniconda3/envs/olcf/lib/python3.6/site-packages/django/template/base.py", line 163, in _render
    return self.nodelist.render(context)
  File "/Users/cameronkuchta/miniconda3/envs/olcf/lib/python3.6/site-packages/django/template/base.py", line 937, in render
    bit = node.render_annotated(context)
  File "/Users/cameronkuchta/miniconda3/envs/olcf/lib/python3.6/site-packages/django/template/base.py", line 904, in render_annotated
    return self.render(context)
  File "/Users/cameronkuchta/miniconda3/envs/olcf/lib/python3.6/site-packages/django/template/loader_tags.py", line 150, in render
    return compiled_parent._render(context)
  File "/Users/cameronkuchta/miniconda3/envs/olcf/lib/python3.6/site-packages/django/template/base.py", line 163, in _render
    return self.nodelist.render(context)
  File "/Users/cameronkuchta/miniconda3/envs/olcf/lib/python3.6/site-packages/django/template/base.py", line 937, in render
    bit = node.render_annotated(context)
  File "/Users/cameronkuchta/miniconda3/envs/olcf/lib/python3.6/site-packages/django/template/base.py", line 904, in render_annotated
    return self.render(context)
  File "/Users/cameronkuchta/miniconda3/envs/olcf/lib/python3.6/site-packages/django/template/loader_tags.py", line 150, in render
    return compiled_parent._render(context)
  File "/Users/cameronkuchta/miniconda3/envs/olcf/lib/python3.6/site-packages/django/template/base.py", line 163, in _render
    return self.nodelist.render(context)
  File "/Users/cameronkuchta/miniconda3/envs/olcf/lib/python3.6/site-packages/django/template/base.py", line 937, in render
    bit = node.render_annotated(context)
  File "/Users/cameronkuchta/miniconda3/envs/olcf/lib/python3.6/site-packages/django/template/base.py", line 904, in render_annotated
    return self.render(context)
  File "/Users/cameronkuchta/miniconda3/envs/olcf/lib/python3.6/site-packages/django/template/loader_tags.py", line 62, in render
    result = block.nodelist.render(context)
  File "/Users/cameronkuchta/miniconda3/envs/olcf/lib/python3.6/site-packages/django/template/base.py", line 937, in render
    bit = node.render_annotated(context)
  File "/Users/cameronkuchta/miniconda3/envs/olcf/lib/python3.6/site-packages/django/template/base.py", line 904, in render_annotated
    return self.render(context)
  File "/Users/cameronkuchta/miniconda3/envs/olcf/lib/python3.6/site-packages/django/template/loader_tags.py", line 62, in render
    result = block.nodelist.render(context)
  File "/Users/cameronkuchta/miniconda3/envs/olcf/lib/python3.6/site-packages/django/template/base.py", line 937, in render
    bit = node.render_annotated(context)
  File "/Users/cameronkuchta/miniconda3/envs/olcf/lib/python3.6/site-packages/django/template/base.py", line 904, in render_annotated
    return self.render(context)
  File "/Users/cameronkuchta/miniconda3/envs/olcf/lib/python3.6/site-packages/django/template/base.py", line 993, in render
    return render_value_in_context(output, context)
  File "/Users/cameronkuchta/miniconda3/envs/olcf/lib/python3.6/site-packages/django/template/base.py", line 972, in render_value_in_context
    value = str(value)
  File "/Users/cameronkuchta/miniconda3/envs/olcf/lib/python3.6/site-packages/django/utils/html.py", line 397, in <lambda>
    klass.__str__ = lambda self: mark_safe(klass_str(self))
  File "/Users/cameronkuchta/miniconda3/envs/olcf/lib/python3.6/site-packages/django/forms/forms.py", line 142, in __str__
    return self.as_table()
  File "/Users/cameronkuchta/miniconda3/envs/olcf/lib/python3.6/site-packages/django/forms/forms.py", line 284, in as_table
    errors_on_separate_row=False,
  File "/Users/cameronkuchta/miniconda3/envs/olcf/lib/python3.6/site-packages/django/forms/forms.py", line 243, in _html_output
    'field_name': bf.html_name,
  File "/Users/cameronkuchta/miniconda3/envs/olcf/lib/python3.6/site-packages/django/utils/html.py", line 397, in <lambda>
    klass.__str__ = lambda self: mark_safe(klass_str(self))
  File "/Users/cameronkuchta/miniconda3/envs/olcf/lib/python3.6/site-packages/django/forms/boundfield.py", line 33, in __str__
    return self.as_widget()
  File "/Users/cameronkuchta/miniconda3/envs/olcf/lib/python3.6/site-packages/django/forms/boundfield.py", line 93, in as_widget
    renderer=self.form.renderer,
  File "/Users/cameronkuchta/miniconda3/envs/olcf/lib/python3.6/site-packages/django/forms/widgets.py", line 229, in render
    context = self.get_context(name, value, attrs)
  File "/Users/cameronkuchta/miniconda3/envs/olcf/lib/python3.6/site-packages/django/forms/widgets.py", line 668, in get_context
    context = super().get_context(name, value, attrs)
  File "/Users/cameronkuchta/miniconda3/envs/olcf/lib/python3.6/site-packages/django/forms/widgets.py", line 629, in get_context
    context['widget']['optgroups'] = self.optgroups(name, context['widget']['value'], attrs)
  File "/Users/cameronkuchta/miniconda3/envs/olcf/lib/python3.6/site-packages/django/forms/widgets.py", line 577, in optgroups
    for index, (option_value, option_label) in enumerate(self.choices):
ValueError: too many values to unpack (expected 2)
ERROR "GET /rgt/tests/?application=Chroma HTTP/1.1" 500 233395
